2024-11-10 14:49:57,717 [Worker-1: Loading available Gradle versions] INFO  o.e.b.c.i.u.g.PublishedGradleVersions - Gradle version information cache is up-to-date. Trying to read.
2024-11-10 14:50:54,869 [Worker-0: JPA Facet File Change Event Handler: BibliotekaJPA] INFO  o.b.c.a.StaticComponentContainer - (StaticComponentContainer.java:368) - Instantiated org.burningwave.core.SLF4JManagedLoggerRepository
2024-11-10 14:50:54,871 [Worker-0: JPA Facet File Change Event Handler: BibliotekaJPA] INFO  o.b.c.a.StaticComponentContainer - (StaticComponentContainer.java:369) - 

	Configuration values for static components:

		background-executor.all-tasks-monitoring.enabled=\
			true
		background-executor.all-tasks-monitoring.interval=\
			30000
		background-executor.all-tasks-monitoring.logger.enabled=\
			false
		background-executor.all-tasks-monitoring.minimum-elapsed-time-to-consider-a-task-as-probable-dead-locked=\
			300000
		background-executor.all-tasks-monitoring.probable-dead-locked-tasks-handling.policy=\
			log only
		background-executor.queued-task-executor[0].name=\
			Low priority tasks
		background-executor.queued-task-executor[0].priority=\
			1
		background-executor.queued-task-executor[1].name=\
			Normal priority tasks
		background-executor.queued-task-executor[1].priority=\
			5
		background-executor.queued-task-executor[2].name=\
			High priority tasks
		background-executor.queued-task-executor[2].priority=\
			10
		background-executor.task-creation-tracking.enabled=\
			${background-executor.all-tasks-monitoring.enabled}
		banner.additonal-informations=\
			${Implementation-Title} ${Implementation-Version}
		banner.additonal-informations.retrieve-from-manifest-file-with-implementation-title=\
			Burningwave Core
		banner.file=\
			org/burningwave/banner.bwb
		banner.hide=\
			true
		buffer-handler.default-allocation-mode=\
			ByteBuffer::allocateDirect
		buffer-handler.default-buffer-size=\
			1024
		group-name-for-named-elements=\
			Burningwave
		iterable-object-helper.default-values-separator=\
			;
		iterable-object-helper.parallel-iteration.applicability.default-minimum-collection-size=\
			2
		iterable-object-helper.parallel-iteration.applicability.max-runtime-thread-count-threshold=\
			autodetect
		iterable-object-helper.parallel-iteration.applicability.output-collection-enabled-types=\
			java.util.concurrent.ConcurrentHashMap$CollectionView;\
			java.util.Collections$SynchronizedCollection;\
			java.util.concurrent.CopyOnWriteArrayList;\
			java.util.concurrent.CopyOnWriteArraySet;\
			java.util.concurrent.BlockingQueue;\
			java.util.concurrent.ConcurrentSkipListSet;\
			java.util.concurrent.ConcurrentSkipListMap$EntrySet;\
			java.util.concurrent.ConcurrentSkipListMap$KeySet;\
			java.util.concurrent.ConcurrentSkipListMap$Values;
		jvm.driver.init=\
			false
		managed-logger.repository=\
			autodetect
		managed-logger.repository.enabled=\
			true
		managed-logger.repository.logging.warn.disabled-for=\
			org.burningwave.core.assembler.ComponentContainer$ClassLoader;\
			org.burningwave.core.classes.MemoryClassLoader;\
			org.burningwave.core.classes.PathScannerClassLoader;
		modules.export-all-to-all=\
			true
		resource-releaser.enabled=\
			true
		synchronizer.all-threads-monitoring.enabled=\
			false
		synchronizer.all-threads-monitoring.interval=\
			90000
		thread-supplier.default-daemon-flag-value=\
			true
		thread-supplier.default-thread-priority=\
			5
		thread-supplier.max-detached-thread-count=\
			${thread-supplier.max-poolable-thread-count}
		thread-supplier.max-detached-thread-count.elapsed-time-threshold-from-last-increase-for-gradual-decreasing-to-initial-value=\
			30000
		thread-supplier.max-detached-thread-count.increasing-step=\
			autodetect
		thread-supplier.max-poolable-thread-count=\
			autodetect
		thread-supplier.poolable-thread-request-timeout=\
			6000


2024-11-10 14:50:54,871 [Worker-0: JPA Facet File Change Event Handler: BibliotekaJPA] INFO  o.b.core.jvm.BufferHandler - (BufferHandler.java:127) - default buffer size: 1024 bytes
2024-11-10 14:50:54,872 [Worker-0: JPA Facet File Change Event Handler: BibliotekaJPA] INFO  o.b.core.jvm.BufferHandler - (BufferHandler.java:141) - default allocation mode: ByteBuffer::allocateDirect
2024-11-10 14:50:54,873 [Worker-0: JPA Facet File Change Event Handler: BibliotekaJPA] INFO  org.burningwave.core.Cache - (Cache.java:76) - Building cache
2024-11-10 14:50:54,881 [Worker-0: JPA Facet File Change Event Handler: BibliotekaJPA] INFO  o.b.c.a.StaticComponentContainer - (StaticComponentContainer.java:443) - org.burningwave.core.assembler.StaticComponentContainer initialized in 0.033548917 seconds
2024-11-10 14:50:55,855 [Worker-6: Building] INFO  o.e.m.c.i.l.LifecycleMappingFactory - Using org.eclipse.m2e.jdt.JarLifecycleMapping lifecycle mapping for MavenProject: BibliotekaJPA:BibliotekaJPA:0.0.1-SNAPSHOT @ /Users/bojanludajic/Downloads/Biblioteka - resenje/BibliotekaJPA/pom.xml.
2024-11-10 14:50:55,855 [Worker-12: Updating Maven Dependencies] INFO  o.e.m.c.i.l.LifecycleMappingFactory - Using org.eclipse.m2e.jdt.JarLifecycleMapping lifecycle mapping for MavenProject: BibliotekaJPA:BibliotekaJPA:0.0.1-SNAPSHOT @ /Users/bojanludajic/Downloads/Biblioteka - resenje/BibliotekaJPA/pom.xml.
2024-11-10 14:50:55,913 [Worker-6: Building] WARN  o.e.m.c.i.embedder.EclipseLogger - The artifact org.hibernate:hibernate-core:jar:6.0.0.Final has been relocated to org.hibernate.orm:hibernate-core:jar:6.0.0.Final
2024-11-10 14:50:55,913 [Worker-6: Building] WARN  o.e.m.c.i.embedder.EclipseLogger - The artifact mysql:mysql-connector-java:jar:8.0.32 has been relocated to com.mysql:mysql-connector-j:jar:8.0.32: MySQL Connector/J artifacts moved to reverse-DNS compliant Maven 2+ coordinates.
2024-11-10 14:50:55,915 [Worker-12: Updating Maven Dependencies] WARN  o.e.m.c.i.embedder.EclipseLogger - The artifact org.hibernate:hibernate-core:jar:6.0.0.Final has been relocated to org.hibernate.orm:hibernate-core:jar:6.0.0.Final
2024-11-10 14:50:55,915 [Worker-12: Updating Maven Dependencies] WARN  o.e.m.c.i.embedder.EclipseLogger - The artifact mysql:mysql-connector-java:jar:8.0.32 has been relocated to com.mysql:mysql-connector-j:jar:8.0.32: MySQL Connector/J artifacts moved to reverse-DNS compliant Maven 2+ coordinates.
2024-11-10 14:50:56,244 [Worker-6: Building] WARN  o.a.m.s.f.DefaultMavenResourcesFiltering - Using platform encoding (UTF-8 actually) to copy filtered resources, i.e. build is platform dependent!
2024-11-10 14:50:56,245 [Worker-6: Building] INFO  o.a.m.s.f.DefaultMavenResourcesFiltering - Copying 1 resource from src/main/java to target/classes
2024-11-10 14:50:56,254 [Worker-6: Building] WARN  o.a.m.s.f.DefaultMavenResourcesFiltering - Using platform encoding (UTF-8 actually) to copy filtered resources, i.e. build is platform dependent!
2024-11-10 14:50:56,255 [Worker-6: Building] INFO  o.a.m.s.f.DefaultMavenResourcesFiltering - skip non existing resourceDirectory /Users/bojanludajic/Downloads/Biblioteka - resenje/BibliotekaJPA/src/test/resources
2024-11-10 14:50:56,479 [Worker-0: Building] WARN  o.a.m.s.f.DefaultMavenResourcesFiltering - Using platform encoding (UTF-8 actually) to copy filtered resources, i.e. build is platform dependent!
2024-11-10 14:50:56,480 [Worker-0: Building] INFO  o.a.m.s.f.DefaultMavenResourcesFiltering - Copying 1 resource from src/main/java to target/classes
2024-11-10 14:50:56,482 [Worker-0: Building] WARN  o.a.m.s.f.DefaultMavenResourcesFiltering - Using platform encoding (UTF-8 actually) to copy filtered resources, i.e. build is platform dependent!
2024-11-10 14:50:56,482 [Worker-0: Building] INFO  o.a.m.s.f.DefaultMavenResourcesFiltering - skip non existing resourceDirectory /Users/bojanludajic/Downloads/Biblioteka - resenje/BibliotekaJPA/src/test/resources
2024-11-10 14:50:56,802 [Worker-0: Building] INFO  o.e.m.c.i.l.LifecycleMappingFactory - Using org.eclipse.m2e.jdt.JarLifecycleMapping lifecycle mapping for MavenProject: com.example:BibliotekaWEB:0.0.1-SNAPSHOT @ /Users/bojanludajic/Downloads/Biblioteka - resenje/BibliotekaWEB/pom.xml.
2024-11-10 14:50:57,001 [Worker-0: Building] INFO  o.e.m.c.i.p.WorkspaceClassifierResolverManager - Resolving P/BibliotekaJPA: BibliotekaJPA:BibliotekaJPA:0.0.1-SNAPSHOT with classifier  to /BibliotekaJPA/target/classes
2024-11-10 14:50:57,269 [Worker-0: Building] INFO  o.a.m.s.f.DefaultMavenResourcesFiltering - Copying 1 resource from src/main/resources to target/classes
2024-11-10 14:50:57,280 [Worker-0: Building] INFO  o.a.m.s.f.DefaultMavenResourcesFiltering - Copying 0 resource from src/main/resources to target/classes
2024-11-10 14:50:57,284 [Worker-0: Building] INFO  o.a.m.s.f.DefaultMavenResourcesFiltering - skip non existing resourceDirectory /Users/bojanludajic/Downloads/Biblioteka - resenje/BibliotekaWEB/src/test/resources
2024-11-10 14:50:57,456 [Worker-21: Updating Maven Dependencies] INFO  o.e.m.c.i.l.LifecycleMappingFactory - Using org.eclipse.m2e.jdt.JarLifecycleMapping lifecycle mapping for MavenProject: BibliotekaJPA:BibliotekaJPA:0.0.1-SNAPSHOT @ /Users/bojanludajic/Downloads/Biblioteka - resenje/BibliotekaJPA/pom.xml.
2024-11-10 14:50:57,483 [Worker-21: Updating Maven Dependencies] WARN  o.e.m.c.i.embedder.EclipseLogger - The artifact org.hibernate:hibernate-core:jar:6.0.0.Final has been relocated to org.hibernate.orm:hibernate-core:jar:6.0.0.Final
2024-11-10 14:50:57,484 [Worker-21: Updating Maven Dependencies] WARN  o.e.m.c.i.embedder.EclipseLogger - The artifact mysql:mysql-connector-java:jar:8.0.32 has been relocated to com.mysql:mysql-connector-j:jar:8.0.32: MySQL Connector/J artifacts moved to reverse-DNS compliant Maven 2+ coordinates.
2024-11-10 14:50:58,532 [Worker-2: Building] INFO  o.a.m.s.f.DefaultMavenResourcesFiltering - Copying 1 resource from src/main/resources to target/classes
2024-11-10 14:50:58,534 [Worker-2: Building] INFO  o.a.m.s.f.DefaultMavenResourcesFiltering - Copying 0 resource from src/main/resources to target/classes
2024-11-10 14:50:58,536 [Worker-2: Building] INFO  o.a.m.s.f.DefaultMavenResourcesFiltering - skip non existing resourceDirectory /Users/bojanludajic/Downloads/Biblioteka - resenje/BibliotekaWEB/src/test/resources
2024-11-10 14:55:56,766 [Worker-1: Updating Maven Dependencies] INFO  o.e.m.c.i.l.LifecycleMappingFactory - Using org.eclipse.m2e.jdt.JarLifecycleMapping lifecycle mapping for MavenProject: com.example:BibliotekaWEB:0.0.1-SNAPSHOT @ /Users/bojanludajic/Downloads/Biblioteka - resenje/BibliotekaWEB/pom.xml.
2024-11-10 14:55:56,825 [Worker-1: Updating Maven Dependencies] WARN  o.e.m.c.i.embedder.EclipseLogger - The POM for BibliotekaJPA:BibliotekaJPA:jar:0.0.1-SNAPSHOT is missing, no dependency information available
2024-11-10 14:56:21,826 [Worker-28: Building] INFO  o.e.m.c.i.l.LifecycleMappingFactory - Using org.eclipse.m2e.jdt.JarLifecycleMapping lifecycle mapping for MavenProject: com.example:BibliotekaWEB:0.0.1-SNAPSHOT @ /Users/bojanludajic/Downloads/BibliotekaWEB/pom.xml.
2024-11-10 14:56:21,891 [Worker-28: Building] WARN  o.e.m.c.i.embedder.EclipseLogger - The POM for BibliotekaJPA:BibliotekaJPA:jar:0.0.1-SNAPSHOT is missing, no dependency information available
2024-11-10 14:56:21,968 [Worker-28: Building] INFO  o.a.m.s.f.DefaultMavenResourcesFiltering - Copying 1 resource from src/main/resources to target/classes
2024-11-10 14:56:21,974 [Worker-28: Building] INFO  o.a.m.s.f.DefaultMavenResourcesFiltering - Copying 0 resource from src/main/resources to target/classes
2024-11-10 14:56:21,977 [Worker-28: Building] INFO  o.a.m.s.f.DefaultMavenResourcesFiltering - skip non existing resourceDirectory /Users/bojanludajic/Downloads/BibliotekaWEB/src/test/resources
2024-11-10 14:56:22,605 [Worker-31: Updating Maven Dependencies] INFO  o.e.m.c.i.l.LifecycleMappingFactory - Using org.eclipse.m2e.jdt.JarLifecycleMapping lifecycle mapping for MavenProject: com.example:BibliotekaWEB:0.0.1-SNAPSHOT @ /Users/bojanludajic/Downloads/BibliotekaWEB/pom.xml.
2024-11-10 14:56:22,690 [Worker-31: Updating Maven Dependencies] WARN  o.e.m.c.i.embedder.EclipseLogger - The POM for BibliotekaJPA:BibliotekaJPA:jar:0.0.1-SNAPSHOT is missing, no dependency information available
2024-11-10 14:56:23,080 [Worker-26: Building] INFO  o.a.m.s.f.DefaultMavenResourcesFiltering - Copying 1 resource from src/main/resources to target/classes
2024-11-10 14:56:23,084 [Worker-26: Building] INFO  o.a.m.s.f.DefaultMavenResourcesFiltering - Copying 0 resource from src/main/resources to target/classes
2024-11-10 14:56:23,088 [Worker-26: Building] INFO  o.a.m.s.f.DefaultMavenResourcesFiltering - skip non existing resourceDirectory /Users/bojanludajic/Downloads/BibliotekaWEB/src/test/resources
2024-11-10 14:56:28,578 [Worker-30: Building] INFO  o.e.m.c.i.l.LifecycleMappingFactory - Using org.eclipse.m2e.jdt.JarLifecycleMapping lifecycle mapping for MavenProject: BibliotekaJPA:BibliotekaJPA:0.0.1-SNAPSHOT @ /Users/bojanludajic/Downloads/BibliotekaJPA/pom.xml.
2024-11-10 14:56:28,589 [Worker-30: Building] WARN  o.e.m.c.i.embedder.EclipseLogger - The artifact org.hibernate:hibernate-core:jar:6.0.0.Final has been relocated to org.hibernate.orm:hibernate-core:jar:6.0.0.Final
2024-11-10 14:56:28,590 [Worker-30: Building] WARN  o.e.m.c.i.embedder.EclipseLogger - The artifact mysql:mysql-connector-java:jar:8.0.32 has been relocated to com.mysql:mysql-connector-j:jar:8.0.32: MySQL Connector/J artifacts moved to reverse-DNS compliant Maven 2+ coordinates.
2024-11-10 14:56:28,640 [Worker-30: Building] INFO  o.e.m.c.i.l.LifecycleMappingFactory - Using org.eclipse.m2e.jdt.JarLifecycleMapping lifecycle mapping for MavenProject: com.example:BibliotekaWEB:0.0.1-SNAPSHOT @ /Users/bojanludajic/Downloads/BibliotekaWEB/pom.xml.
2024-11-10 14:56:28,688 [Worker-30: Building] INFO  o.e.m.c.i.p.WorkspaceClassifierResolverManager - Resolving P/BibliotekaJPA: BibliotekaJPA:BibliotekaJPA:0.0.1-SNAPSHOT with classifier  to /BibliotekaJPA/target/classes
2024-11-10 14:56:28,825 [Worker-30: Building] WARN  o.a.m.s.f.DefaultMavenResourcesFiltering - Using platform encoding (UTF-8 actually) to copy filtered resources, i.e. build is platform dependent!
2024-11-10 14:56:28,826 [Worker-30: Building] INFO  o.a.m.s.f.DefaultMavenResourcesFiltering - Copying 1 resource from src/main/java to target/classes
2024-11-10 14:56:28,831 [Worker-30: Building] WARN  o.a.m.s.f.DefaultMavenResourcesFiltering - Using platform encoding (UTF-8 actually) to copy filtered resources, i.e. build is platform dependent!
2024-11-10 14:56:28,832 [Worker-30: Building] INFO  o.a.m.s.f.DefaultMavenResourcesFiltering - skip non existing resourceDirectory /Users/bojanludajic/Downloads/BibliotekaJPA/src/test/resources
2024-11-10 14:56:28,963 [Worker-1: Building] WARN  o.a.m.s.f.DefaultMavenResourcesFiltering - Using platform encoding (UTF-8 actually) to copy filtered resources, i.e. build is platform dependent!
2024-11-10 14:56:28,963 [Worker-1: Building] INFO  o.a.m.s.f.DefaultMavenResourcesFiltering - Copying 1 resource from src/main/java to target/classes
2024-11-10 14:56:28,964 [Worker-1: Building] WARN  o.a.m.s.f.DefaultMavenResourcesFiltering - Using platform encoding (UTF-8 actually) to copy filtered resources, i.e. build is platform dependent!
2024-11-10 14:56:28,964 [Worker-1: Building] INFO  o.a.m.s.f.DefaultMavenResourcesFiltering - skip non existing resourceDirectory /Users/bojanludajic/Downloads/BibliotekaJPA/src/test/resources
2024-11-10 14:56:29,002 [Worker-1: Building] INFO  o.a.m.s.f.DefaultMavenResourcesFiltering - Copying 1 resource from src/main/resources to target/classes
2024-11-10 14:56:29,004 [Worker-1: Building] INFO  o.a.m.s.f.DefaultMavenResourcesFiltering - Copying 0 resource from src/main/resources to target/classes
2024-11-10 14:56:29,005 [Worker-1: Building] INFO  o.a.m.s.f.DefaultMavenResourcesFiltering - skip non existing resourceDirectory /Users/bojanludajic/Downloads/BibliotekaWEB/src/test/resources
2024-11-10 14:56:29,443 [Worker-26: Updating Maven Dependencies] INFO  o.e.m.c.i.l.LifecycleMappingFactory - Using org.eclipse.m2e.jdt.JarLifecycleMapping lifecycle mapping for MavenProject: BibliotekaJPA:BibliotekaJPA:0.0.1-SNAPSHOT @ /Users/bojanludajic/Downloads/BibliotekaJPA/pom.xml.
2024-11-10 14:56:29,454 [Worker-26: Updating Maven Dependencies] WARN  o.e.m.c.i.embedder.EclipseLogger - The artifact org.hibernate:hibernate-core:jar:6.0.0.Final has been relocated to org.hibernate.orm:hibernate-core:jar:6.0.0.Final
2024-11-10 14:56:29,454 [Worker-26: Updating Maven Dependencies] WARN  o.e.m.c.i.embedder.EclipseLogger - The artifact mysql:mysql-connector-java:jar:8.0.32 has been relocated to com.mysql:mysql-connector-j:jar:8.0.32: MySQL Connector/J artifacts moved to reverse-DNS compliant Maven 2+ coordinates.
2024-11-10 14:56:55,222 [Worker-29: Launching BibliotekaWebApplication] INFO  o.e.m.c.i.p.WorkspaceClassifierResolverManager - Resolving P/BibliotekaJPA: BibliotekaJPA:BibliotekaJPA:0.0.1-SNAPSHOT with classifier null to /BibliotekaJPA/target/classes
2024-11-10 14:56:55,237 [Worker-29: Launching BibliotekaWebApplication] INFO  o.e.m.c.i.p.WorkspaceClassifierResolverManager - Resolving P/BibliotekaJPA: BibliotekaJPA:BibliotekaJPA:0.0.1-SNAPSHOT with classifier null to /BibliotekaJPA/target/classes
2024-11-10 14:56:55,252 [Worker-29: Launching BibliotekaWebApplication] INFO  o.e.m.c.i.p.WorkspaceClassifierResolverManager - Resolving P/BibliotekaJPA: BibliotekaJPA:BibliotekaJPA:0.0.1-SNAPSHOT with classifier null to /BibliotekaJPA/target/classes
2024-11-10 14:57:45,260 [Worker-33: Launching BibliotekaWebApplication] INFO  o.e.m.c.i.p.WorkspaceClassifierResolverManager - Resolving P/BibliotekaJPA: BibliotekaJPA:BibliotekaJPA:0.0.1-SNAPSHOT with classifier null to /BibliotekaJPA/target/classes
2024-11-10 14:57:45,278 [Worker-33: Launching BibliotekaWebApplication] INFO  o.e.m.c.i.p.WorkspaceClassifierResolverManager - Resolving P/BibliotekaJPA: BibliotekaJPA:BibliotekaJPA:0.0.1-SNAPSHOT with classifier null to /BibliotekaJPA/target/classes
2024-11-10 14:57:45,293 [Worker-33: Launching BibliotekaWebApplication] INFO  o.e.m.c.i.p.WorkspaceClassifierResolverManager - Resolving P/BibliotekaJPA: BibliotekaJPA:BibliotekaJPA:0.0.1-SNAPSHOT with classifier null to /BibliotekaJPA/target/classes
2024-11-10 15:01:31,774 [Worker-26: Launching BibliotekaWebApplication] WARN  o.a.m.s.f.DefaultMavenResourcesFiltering - Using platform encoding (UTF-8 actually) to copy filtered resources, i.e. build is platform dependent!
2024-11-10 15:01:31,775 [Worker-26: Launching BibliotekaWebApplication] INFO  o.a.m.s.f.DefaultMavenResourcesFiltering - Copying 1 resource from src/main/java to target/classes
2024-11-10 15:01:31,777 [Worker-26: Launching BibliotekaWebApplication] WARN  o.a.m.s.f.DefaultMavenResourcesFiltering - Using platform encoding (UTF-8 actually) to copy filtered resources, i.e. build is platform dependent!
2024-11-10 15:01:31,778 [Worker-26: Launching BibliotekaWebApplication] INFO  o.a.m.s.f.DefaultMavenResourcesFiltering - skip non existing resourceDirectory /Users/bojanludajic/Downloads/BibliotekaJPA/src/test/resources
2024-11-10 15:01:31,796 [Worker-26: Launching BibliotekaWebApplication] INFO  o.e.m.c.i.p.WorkspaceClassifierResolverManager - Resolving P/BibliotekaJPA: BibliotekaJPA:BibliotekaJPA:0.0.1-SNAPSHOT with classifier null to /BibliotekaJPA/target/classes
2024-11-10 15:01:31,811 [Worker-26: Launching BibliotekaWebApplication] INFO  o.e.m.c.i.p.WorkspaceClassifierResolverManager - Resolving P/BibliotekaJPA: BibliotekaJPA:BibliotekaJPA:0.0.1-SNAPSHOT with classifier null to /BibliotekaJPA/target/classes
2024-11-10 15:01:31,825 [Worker-26: Launching BibliotekaWebApplication] INFO  o.e.m.c.i.p.WorkspaceClassifierResolverManager - Resolving P/BibliotekaJPA: BibliotekaJPA:BibliotekaJPA:0.0.1-SNAPSHOT with classifier null to /BibliotekaJPA/target/classes
2024-11-10 15:07:13,741 [Worker-36: Updating Maven Project] INFO  o.e.m.c.i.p.ProjectConfigurationManager - Update started
2024-11-10 15:07:13,839 [Worker-36: Updating Maven Project] INFO  o.e.m.c.i.l.LifecycleMappingFactory - Using org.eclipse.m2e.jdt.JarLifecycleMapping lifecycle mapping for MavenProject: BibliotekaJPA:BibliotekaJPA:0.0.1-SNAPSHOT @ /Users/bojanludajic/Downloads/BibliotekaJPA/pom.xml.
2024-11-10 15:07:13,847 [Worker-36: Updating Maven Project] WARN  o.e.m.c.i.embedder.EclipseLogger - The artifact org.hibernate:hibernate-core:jar:6.0.0.Final has been relocated to org.hibernate.orm:hibernate-core:jar:6.0.0.Final
2024-11-10 15:07:13,848 [Worker-36: Updating Maven Project] WARN  o.e.m.c.i.embedder.EclipseLogger - The artifact mysql:mysql-connector-java:jar:8.0.32 has been relocated to com.mysql:mysql-connector-j:jar:8.0.32: MySQL Connector/J artifacts moved to reverse-DNS compliant Maven 2+ coordinates.
2024-11-10 15:07:13,856 [Worker-36: Updating Maven Project] INFO  o.e.m.c.i.l.LifecycleMappingFactory - Using org.eclipse.m2e.jdt.JarLifecycleMapping lifecycle mapping for MavenProject: com.example:BibliotekaWEB:0.0.1-SNAPSHOT @ /Users/bojanludajic/Downloads/BibliotekaWEB/pom.xml.
2024-11-10 15:07:13,893 [Worker-36: Updating Maven Project] INFO  o.e.m.c.i.p.WorkspaceClassifierResolverManager - Resolving P/BibliotekaJPA: BibliotekaJPA:BibliotekaJPA:0.0.1-SNAPSHOT with classifier  to /BibliotekaJPA/target/classes
2024-11-10 15:07:13,938 [Worker-36: Updating Maven Project] INFO  o.e.m.j.i.AbstractJavaProjectConfigurator - Adding source folder /BibliotekaJPA/src/main/java
2024-11-10 15:07:13,938 [Worker-36: Updating Maven Project] INFO  o.e.m.j.i.AbstractJavaProjectConfigurator - Resources folder /BibliotekaJPA/src/main/java overlaps with sources folder /BibliotekaJPA/src/main/java
2024-11-10 15:07:13,939 [Worker-36: Updating Maven Project] INFO  o.e.m.j.i.AbstractJavaProjectConfigurator - Adding source folder /BibliotekaJPA/src/test/java
2024-11-10 15:07:13,939 [Worker-36: Updating Maven Project] INFO  o.e.m.j.i.AbstractJavaProjectConfigurator - Adding resource folder /BibliotekaJPA/src/test/resources
2024-11-10 15:07:13,955 [Worker-36: Updating Maven Project] INFO  o.e.m.j.i.AbstractJavaProjectConfigurator - Adding source folder /BibliotekaWEB/src/main/java
2024-11-10 15:07:13,955 [Worker-36: Updating Maven Project] INFO  o.e.m.j.i.AbstractJavaProjectConfigurator - Adding resource folder /BibliotekaWEB/src/main/resources
2024-11-10 15:07:13,955 [Worker-36: Updating Maven Project] INFO  o.e.m.j.i.AbstractJavaProjectConfigurator - Adding resource folder /BibliotekaWEB/src/main/resources
2024-11-10 15:07:13,955 [Worker-36: Updating Maven Project] INFO  o.e.m.j.i.AbstractJavaProjectConfigurator - Adding source folder /BibliotekaWEB/src/test/java
2024-11-10 15:07:13,955 [Worker-36: Updating Maven Project] INFO  o.e.m.j.i.AbstractJavaProjectConfigurator - Adding resource folder /BibliotekaWEB/src/test/resources
2024-11-10 15:07:13,988 [Worker-36: Updating Maven Project] INFO  o.e.m.c.i.p.ProjectConfigurationManager - Update completed for 2 poms: local refresh takes 0.00 sec, refresh facades takes 0.00 sec, update config takes 0.00 sec 
2024-11-10 15:07:14,250 [Worker-38: Building] WARN  o.a.m.s.f.DefaultMavenResourcesFiltering - Using platform encoding (UTF-8 actually) to copy filtered resources, i.e. build is platform dependent!
2024-11-10 15:07:14,251 [Worker-38: Building] INFO  o.a.m.s.f.DefaultMavenResourcesFiltering - Copying 1 resource from src/main/java to target/classes
2024-11-10 15:07:14,253 [Worker-38: Building] WARN  o.a.m.s.f.DefaultMavenResourcesFiltering - Using platform encoding (UTF-8 actually) to copy filtered resources, i.e. build is platform dependent!
2024-11-10 15:07:14,253 [Worker-38: Building] INFO  o.a.m.s.f.DefaultMavenResourcesFiltering - skip non existing resourceDirectory /Users/bojanludajic/Downloads/BibliotekaJPA/src/test/resources
2024-11-10 15:07:14,365 [Worker-38: Building] INFO  o.a.m.s.f.DefaultMavenResourcesFiltering - Copying 1 resource from src/main/resources to target/classes
2024-11-10 15:07:14,372 [Worker-38: Building] INFO  o.a.m.s.f.DefaultMavenResourcesFiltering - Copying 0 resource from src/main/resources to target/classes
2024-11-10 15:07:14,374 [Worker-38: Building] INFO  o.a.m.s.f.DefaultMavenResourcesFiltering - skip non existing resourceDirectory /Users/bojanludajic/Downloads/BibliotekaWEB/src/test/resources
2024-11-10 15:07:35,923 [Worker-36: Updating Maven Project] INFO  o.e.m.c.i.p.ProjectConfigurationManager - Update started
2024-11-10 15:07:36,007 [Worker-36: Updating Maven Project] INFO  o.e.m.c.i.l.LifecycleMappingFactory - Using org.eclipse.m2e.jdt.JarLifecycleMapping lifecycle mapping for MavenProject: BibliotekaJPA:BibliotekaJPA:0.0.1-SNAPSHOT @ /Users/bojanludajic/Downloads/BibliotekaJPA/pom.xml.
2024-11-10 15:07:36,014 [Worker-36: Updating Maven Project] WARN  o.e.m.c.i.embedder.EclipseLogger - The artifact org.hibernate:hibernate-core:jar:6.0.0.Final has been relocated to org.hibernate.orm:hibernate-core:jar:6.0.0.Final
2024-11-10 15:07:36,015 [Worker-36: Updating Maven Project] WARN  o.e.m.c.i.embedder.EclipseLogger - The artifact mysql:mysql-connector-java:jar:8.0.32 has been relocated to com.mysql:mysql-connector-j:jar:8.0.32: MySQL Connector/J artifacts moved to reverse-DNS compliant Maven 2+ coordinates.
2024-11-10 15:07:36,020 [Worker-36: Updating Maven Project] INFO  o.e.m.c.i.l.LifecycleMappingFactory - Using org.eclipse.m2e.jdt.JarLifecycleMapping lifecycle mapping for MavenProject: com.example:BibliotekaWEB:0.0.1-SNAPSHOT @ /Users/bojanludajic/Downloads/BibliotekaWEB/pom.xml.
2024-11-10 15:07:36,053 [Worker-36: Updating Maven Project] INFO  o.e.m.c.i.p.WorkspaceClassifierResolverManager - Resolving P/BibliotekaJPA: BibliotekaJPA:BibliotekaJPA:0.0.1-SNAPSHOT with classifier  to /BibliotekaJPA/target/classes
2024-11-10 15:07:36,096 [Worker-36: Updating Maven Project] INFO  o.e.m.j.i.AbstractJavaProjectConfigurator - Adding source folder /BibliotekaJPA/src/main/java
2024-11-10 15:07:36,096 [Worker-36: Updating Maven Project] INFO  o.e.m.j.i.AbstractJavaProjectConfigurator - Resources folder /BibliotekaJPA/src/main/java overlaps with sources folder /BibliotekaJPA/src/main/java
2024-11-10 15:07:36,096 [Worker-36: Updating Maven Project] INFO  o.e.m.j.i.AbstractJavaProjectConfigurator - Adding source folder /BibliotekaJPA/src/test/java
2024-11-10 15:07:36,096 [Worker-36: Updating Maven Project] INFO  o.e.m.j.i.AbstractJavaProjectConfigurator - Adding resource folder /BibliotekaJPA/src/test/resources
2024-11-10 15:07:36,106 [Worker-36: Updating Maven Project] INFO  o.e.m.j.i.AbstractJavaProjectConfigurator - Adding source folder /BibliotekaWEB/src/main/java
2024-11-10 15:07:36,107 [Worker-36: Updating Maven Project] INFO  o.e.m.j.i.AbstractJavaProjectConfigurator - Adding resource folder /BibliotekaWEB/src/main/resources
2024-11-10 15:07:36,107 [Worker-36: Updating Maven Project] INFO  o.e.m.j.i.AbstractJavaProjectConfigurator - Adding resource folder /BibliotekaWEB/src/main/resources
2024-11-10 15:07:36,107 [Worker-36: Updating Maven Project] INFO  o.e.m.j.i.AbstractJavaProjectConfigurator - Adding source folder /BibliotekaWEB/src/test/java
2024-11-10 15:07:36,107 [Worker-36: Updating Maven Project] INFO  o.e.m.j.i.AbstractJavaProjectConfigurator - Adding resource folder /BibliotekaWEB/src/test/resources
2024-11-10 15:07:36,136 [Worker-36: Updating Maven Project] INFO  o.e.m.c.i.p.ProjectConfigurationManager - Update completed for 2 poms: local refresh takes 0.00 sec, refresh facades takes 0.00 sec, update config takes 0.00 sec 
2024-11-10 15:07:36,397 [Worker-26: Building] WARN  o.a.m.s.f.DefaultMavenResourcesFiltering - Using platform encoding (UTF-8 actually) to copy filtered resources, i.e. build is platform dependent!
2024-11-10 15:07:36,397 [Worker-26: Building] INFO  o.a.m.s.f.DefaultMavenResourcesFiltering - Copying 1 resource from src/main/java to target/classes
2024-11-10 15:07:36,398 [Worker-26: Building] WARN  o.a.m.s.f.DefaultMavenResourcesFiltering - Using platform encoding (UTF-8 actually) to copy filtered resources, i.e. build is platform dependent!
2024-11-10 15:07:36,398 [Worker-26: Building] INFO  o.a.m.s.f.DefaultMavenResourcesFiltering - skip non existing resourceDirectory /Users/bojanludajic/Downloads/BibliotekaJPA/src/test/resources
2024-11-10 15:07:36,485 [Worker-26: Building] INFO  o.a.m.s.f.DefaultMavenResourcesFiltering - Copying 1 resource from src/main/resources to target/classes
2024-11-10 15:07:36,488 [Worker-26: Building] INFO  o.a.m.s.f.DefaultMavenResourcesFiltering - Copying 0 resource from src/main/resources to target/classes
2024-11-10 15:07:36,490 [Worker-26: Building] INFO  o.a.m.s.f.DefaultMavenResourcesFiltering - skip non existing resourceDirectory /Users/bojanludajic/Downloads/BibliotekaWEB/src/test/resources
2024-11-10 15:52:02,606 [Worker-6: Loading available Gradle versions] INFO  o.e.b.c.i.u.g.PublishedGradleVersions - Gradle version information cache is up-to-date. Trying to read.
2024-11-10 15:53:09,455 [Worker-8: Launching BibliotekaWebApplication] INFO  o.e.m.c.i.p.WorkspaceClassifierResolverManager - Resolving P/BibliotekaJPA: BibliotekaJPA:BibliotekaJPA:0.0.1-SNAPSHOT with classifier  to /BibliotekaJPA/target/classes
2024-11-10 15:53:09,509 [Worker-8: Launching BibliotekaWebApplication] INFO  o.e.m.c.i.p.WorkspaceClassifierResolverManager - Resolving P/BibliotekaJPA: BibliotekaJPA:BibliotekaJPA:0.0.1-SNAPSHOT with classifier null to /BibliotekaJPA/target/classes
2024-11-10 15:53:09,539 [Worker-8: Launching BibliotekaWebApplication] INFO  o.e.m.c.i.p.WorkspaceClassifierResolverManager - Resolving P/BibliotekaJPA: BibliotekaJPA:BibliotekaJPA:0.0.1-SNAPSHOT with classifier null to /BibliotekaJPA/target/classes
2024-11-10 15:53:09,561 [Worker-8: Launching BibliotekaWebApplication] INFO  o.e.m.c.i.p.WorkspaceClassifierResolverManager - Resolving P/BibliotekaJPA: BibliotekaJPA:BibliotekaJPA:0.0.1-SNAPSHOT with classifier null to /BibliotekaJPA/target/classes
2024-11-10 15:55:35,004 [Worker-1: Building] INFO  o.a.m.s.f.DefaultMavenResourcesFiltering - Copying 1 resource from src/main/resources to target/classes
2024-11-10 15:55:35,012 [Worker-1: Building] INFO  o.a.m.s.f.DefaultMavenResourcesFiltering - Copying 0 resource from src/main/resources to target/classes
2024-11-10 15:55:35,014 [Worker-1: Building] INFO  o.a.m.s.f.DefaultMavenResourcesFiltering - skip non existing resourceDirectory /Users/bojanludajic/Downloads/BibliotekaWEB/src/test/resources
2024-11-10 15:55:55,862 [Worker-0: Launching BibliotekaWebApplication] INFO  o.e.m.c.i.p.WorkspaceClassifierResolverManager - Resolving P/BibliotekaJPA: BibliotekaJPA:BibliotekaJPA:0.0.1-SNAPSHOT with classifier null to /BibliotekaJPA/target/classes
2024-11-10 15:55:55,878 [Worker-0: Launching BibliotekaWebApplication] INFO  o.e.m.c.i.p.WorkspaceClassifierResolverManager - Resolving P/BibliotekaJPA: BibliotekaJPA:BibliotekaJPA:0.0.1-SNAPSHOT with classifier null to /BibliotekaJPA/target/classes
2024-11-10 15:55:55,899 [Worker-0: Launching BibliotekaWebApplication] INFO  o.e.m.c.i.p.WorkspaceClassifierResolverManager - Resolving P/BibliotekaJPA: BibliotekaJPA:BibliotekaJPA:0.0.1-SNAPSHOT with classifier null to /BibliotekaJPA/target/classes
2024-11-10 15:56:14,357 [Worker-6: Launching BibliotekaWebApplication] INFO  o.e.m.c.i.p.WorkspaceClassifierResolverManager - Resolving P/BibliotekaJPA: BibliotekaJPA:BibliotekaJPA:0.0.1-SNAPSHOT with classifier null to /BibliotekaJPA/target/classes
2024-11-10 15:56:14,372 [Worker-6: Launching BibliotekaWebApplication] INFO  o.e.m.c.i.p.WorkspaceClassifierResolverManager - Resolving P/BibliotekaJPA: BibliotekaJPA:BibliotekaJPA:0.0.1-SNAPSHOT with classifier null to /BibliotekaJPA/target/classes
2024-11-10 15:56:14,387 [Worker-6: Launching BibliotekaWebApplication] INFO  o.e.m.c.i.p.WorkspaceClassifierResolverManager - Resolving P/BibliotekaJPA: BibliotekaJPA:BibliotekaJPA:0.0.1-SNAPSHOT with classifier null to /BibliotekaJPA/target/classes
2024-11-10 15:56:42,461 [Worker-6: Building] INFO  o.a.m.s.f.DefaultMavenResourcesFiltering - Copying 1 resource from src/main/resources to target/classes
2024-11-10 15:56:42,463 [Worker-6: Building] INFO  o.a.m.s.f.DefaultMavenResourcesFiltering - Copying 0 resource from src/main/resources to target/classes
2024-11-10 15:56:42,464 [Worker-6: Building] INFO  o.a.m.s.f.DefaultMavenResourcesFiltering - skip non existing resourceDirectory /Users/bojanludajic/Downloads/BibliotekaWEB/src/test/resources
2024-11-10 15:56:43,463 [Worker-25: Launching BibliotekaWebApplication] INFO  o.e.m.c.i.p.WorkspaceClassifierResolverManager - Resolving P/BibliotekaJPA: BibliotekaJPA:BibliotekaJPA:0.0.1-SNAPSHOT with classifier null to /BibliotekaJPA/target/classes
2024-11-10 15:56:43,479 [Worker-25: Launching BibliotekaWebApplication] INFO  o.e.m.c.i.p.WorkspaceClassifierResolverManager - Resolving P/BibliotekaJPA: BibliotekaJPA:BibliotekaJPA:0.0.1-SNAPSHOT with classifier null to /BibliotekaJPA/target/classes
2024-11-10 15:56:43,493 [Worker-25: Launching BibliotekaWebApplication] INFO  o.e.m.c.i.p.WorkspaceClassifierResolverManager - Resolving P/BibliotekaJPA: BibliotekaJPA:BibliotekaJPA:0.0.1-SNAPSHOT with classifier null to /BibliotekaJPA/target/classes
2024-11-10 15:57:05,497 [Worker-22: Building] INFO  o.a.m.s.f.DefaultMavenResourcesFiltering - Copying 1 resource from src/main/resources to target/classes
2024-11-10 15:57:05,500 [Worker-22: Building] INFO  o.a.m.s.f.DefaultMavenResourcesFiltering - Copying 0 resource from src/main/resources to target/classes
2024-11-10 15:57:05,501 [Worker-22: Building] INFO  o.a.m.s.f.DefaultMavenResourcesFiltering - skip non existing resourceDirectory /Users/bojanludajic/Downloads/BibliotekaWEB/src/test/resources
2024-11-10 15:57:06,682 [Worker-9: Launching BibliotekaWebApplication] INFO  o.e.m.c.i.p.WorkspaceClassifierResolverManager - Resolving P/BibliotekaJPA: BibliotekaJPA:BibliotekaJPA:0.0.1-SNAPSHOT with classifier null to /BibliotekaJPA/target/classes
2024-11-10 15:57:06,702 [Worker-9: Launching BibliotekaWebApplication] INFO  o.e.m.c.i.p.WorkspaceClassifierResolverManager - Resolving P/BibliotekaJPA: BibliotekaJPA:BibliotekaJPA:0.0.1-SNAPSHOT with classifier null to /BibliotekaJPA/target/classes
2024-11-10 15:57:06,723 [Worker-9: Launching BibliotekaWebApplication] INFO  o.e.m.c.i.p.WorkspaceClassifierResolverManager - Resolving P/BibliotekaJPA: BibliotekaJPA:BibliotekaJPA:0.0.1-SNAPSHOT with classifier null to /BibliotekaJPA/target/classes
2024-11-10 16:00:11,681 [ModalContext] ERROR o.e.m.c.i.p.r.ProjectRegistryReader - Can't write workspace state
java.io.FileNotFoundException: /Users/bojanludajic/ProgramiFakultetEclipse/RIS/ResenjaV3/.metadata/.plugins/org.eclipse.m2e.core/workspaceState.ser (No such file or directory)
	at java.base/java.io.FileOutputStream.open0(Native Method)
	at java.base/java.io.FileOutputStream.open(FileOutputStream.java:289)
	at java.base/java.io.FileOutputStream.<init>(FileOutputStream.java:230)
	at java.base/java.io.FileOutputStream.<init>(FileOutputStream.java:179)
	at org.eclipse.m2e.core.internal.project.registry.ProjectRegistryReader.createObjectOutputStream(ProjectRegistryReader.java:127)
	at org.eclipse.m2e.core.internal.project.registry.ProjectRegistryReader.writeWorkspaceState(ProjectRegistryReader.java:116)
	at org.eclipse.m2e.core.internal.project.registry.ProjectRegistryManager.writeWorkspaceState(ProjectRegistryManager.java:1047)
	at org.eclipse.m2e.core.internal.project.registry.ProjectRegistryManager.saving(ProjectRegistryManager.java:1198)
	at org.eclipse.core.internal.resources.SaveManager.executeLifecycle(SaveManager.java:453)
	at org.eclipse.core.internal.resources.SaveManager$1.run(SaveManager.java:269)
	at org.eclipse.core.runtime.SafeRunner.run(SafeRunner.java:47)
	at org.eclipse.core.internal.resources.SaveManager.broadcastLifecycle(SaveManager.java:272)
	at org.eclipse.core.internal.resources.SaveManager.save(SaveManager.java:1226)
	at org.eclipse.core.internal.resources.Workspace.save(Workspace.java:2492)
	at org.eclipse.ui.internal.ide.application.IDEWorkbenchAdvisor.lambda$1(IDEWorkbenchAdvisor.java:553)
	at org.eclipse.jface.operation.ModalContext$ModalContextThread.run(ModalContext.java:124)
2024-11-10 16:00:25,881 [Worker-1: Loading available Gradle versions] INFO  o.e.b.c.i.u.g.PublishedGradleVersions - Gradle version information cache is up-to-date. Trying to read.
2024-11-10 16:00:27,520 [Worker-3: Building] INFO  o.e.m.c.i.p.WorkspaceClassifierResolverManager - Resolving P/BibliotekaJPA: BibliotekaJPA:BibliotekaJPA:0.0.1-SNAPSHOT with classifier  to /BibliotekaJPA/target/classes
2024-11-10 16:00:27,628 [Worker-3: Building] INFO  o.a.m.s.f.DefaultMavenResourcesFiltering - Copying 1 resource from src/main/resources to target/classes
2024-11-10 16:00:27,638 [Worker-3: Building] INFO  o.a.m.s.f.DefaultMavenResourcesFiltering - Copying 0 resource from src/main/resources to target/classes
2024-11-10 16:00:27,641 [Worker-3: Building] INFO  o.a.m.s.f.DefaultMavenResourcesFiltering - skip non existing resourceDirectory /Users/bojanludajic/Downloads/BibliotekaWEB/src/test/resources
2024-11-10 16:00:56,771 [Worker-7: Launching SpringApplication] INFO  o.e.m.c.i.p.WorkspaceClassifierResolverManager - Resolving P/BibliotekaJPA: BibliotekaJPA:BibliotekaJPA:0.0.1-SNAPSHOT with classifier null to /BibliotekaJPA/target/classes
2024-11-10 16:00:56,790 [Worker-7: Launching SpringApplication] INFO  o.e.m.c.i.p.WorkspaceClassifierResolverManager - Resolving P/BibliotekaJPA: BibliotekaJPA:BibliotekaJPA:0.0.1-SNAPSHOT with classifier null to /BibliotekaJPA/target/classes
2024-11-10 16:00:56,810 [Worker-7: Launching SpringApplication] INFO  o.e.m.c.i.p.WorkspaceClassifierResolverManager - Resolving P/BibliotekaJPA: BibliotekaJPA:BibliotekaJPA:0.0.1-SNAPSHOT with classifier null to /BibliotekaJPA/target/classes
2024-11-10 16:01:24,615 [Worker-26: Launching BibliotekaWebApplication] INFO  o.e.m.c.i.p.WorkspaceClassifierResolverManager - Resolving P/BibliotekaJPA: BibliotekaJPA:BibliotekaJPA:0.0.1-SNAPSHOT with classifier null to /BibliotekaJPA/target/classes
2024-11-10 16:01:24,632 [Worker-26: Launching BibliotekaWebApplication] INFO  o.e.m.c.i.p.WorkspaceClassifierResolverManager - Resolving P/BibliotekaJPA: BibliotekaJPA:BibliotekaJPA:0.0.1-SNAPSHOT with classifier null to /BibliotekaJPA/target/classes
2024-11-10 16:01:24,648 [Worker-26: Launching BibliotekaWebApplication] INFO  o.e.m.c.i.p.WorkspaceClassifierResolverManager - Resolving P/BibliotekaJPA: BibliotekaJPA:BibliotekaJPA:0.0.1-SNAPSHOT with classifier null to /BibliotekaJPA/target/classes
2024-11-10 16:04:46,062 [Worker-19: Building] INFO  o.a.m.s.f.DefaultMavenResourcesFiltering - Copying 0 resource from src/main/resources to target/classes
2024-11-10 16:04:46,063 [Worker-19: Building] INFO  o.a.m.s.f.DefaultMavenResourcesFiltering - Copying 0 resource from src/main/resources to target/classes
2024-11-10 16:04:46,064 [Worker-19: Building] INFO  o.a.m.s.f.DefaultMavenResourcesFiltering - skip non existing resourceDirectory /Users/bojanludajic/Downloads/BibliotekaWEB/src/test/resources
2024-11-10 16:05:01,313 [Worker-19: Building] INFO  o.a.m.s.f.DefaultMavenResourcesFiltering - Copying 0 resource from src/main/resources to target/classes
2024-11-10 16:05:01,314 [Worker-19: Building] INFO  o.a.m.s.f.DefaultMavenResourcesFiltering - Copying 0 resource from src/main/resources to target/classes
2024-11-10 16:05:01,315 [Worker-19: Building] INFO  o.a.m.s.f.DefaultMavenResourcesFiltering - skip non existing resourceDirectory /Users/bojanludajic/Downloads/BibliotekaWEB/src/test/resources
2024-11-10 16:05:12,971 [Worker-22: Building] INFO  o.a.m.s.f.DefaultMavenResourcesFiltering - Copying 0 resource from src/main/resources to target/classes
2024-11-10 16:05:12,972 [Worker-22: Building] INFO  o.a.m.s.f.DefaultMavenResourcesFiltering - Copying 0 resource from src/main/resources to target/classes
2024-11-10 16:05:12,973 [Worker-22: Building] INFO  o.a.m.s.f.DefaultMavenResourcesFiltering - skip non existing resourceDirectory /Users/bojanludajic/Downloads/BibliotekaWEB/src/test/resources
2024-11-10 16:05:21,266 [Worker-26: Building] INFO  o.a.m.s.f.DefaultMavenResourcesFiltering - Copying 0 resource from src/main/resources to target/classes
2024-11-10 16:05:21,266 [Worker-26: Building] INFO  o.a.m.s.f.DefaultMavenResourcesFiltering - Copying 0 resource from src/main/resources to target/classes
2024-11-10 16:05:21,267 [Worker-26: Building] INFO  o.a.m.s.f.DefaultMavenResourcesFiltering - skip non existing resourceDirectory /Users/bojanludajic/Downloads/BibliotekaWEB/src/test/resources
2024-11-10 16:07:17,660 [Worker-26: Building] INFO  o.a.m.s.f.DefaultMavenResourcesFiltering - Copying 0 resource from src/main/resources to target/classes
2024-11-10 16:07:17,660 [Worker-26: Building] INFO  o.a.m.s.f.DefaultMavenResourcesFiltering - Copying 0 resource from src/main/resources to target/classes
2024-11-10 16:07:17,661 [Worker-26: Building] INFO  o.a.m.s.f.DefaultMavenResourcesFiltering - skip non existing resourceDirectory /Users/bojanludajic/Downloads/BibliotekaWEB/src/test/resources
2024-11-10 16:07:28,397 [Worker-9: Building] INFO  o.a.m.s.f.DefaultMavenResourcesFiltering - Copying 0 resource from src/main/resources to target/classes
2024-11-10 16:07:28,398 [Worker-9: Building] INFO  o.a.m.s.f.DefaultMavenResourcesFiltering - Copying 0 resource from src/main/resources to target/classes
2024-11-10 16:07:28,399 [Worker-9: Building] INFO  o.a.m.s.f.DefaultMavenResourcesFiltering - skip non existing resourceDirectory /Users/bojanludajic/Downloads/BibliotekaWEB/src/test/resources
2024-11-10 16:08:05,691 [Worker-27: Building] INFO  o.a.m.s.f.DefaultMavenResourcesFiltering - Copying 0 resource from src/main/resources to target/classes
2024-11-10 16:08:05,692 [Worker-27: Building] INFO  o.a.m.s.f.DefaultMavenResourcesFiltering - Copying 0 resource from src/main/resources to target/classes
2024-11-10 16:08:05,693 [Worker-27: Building] INFO  o.a.m.s.f.DefaultMavenResourcesFiltering - skip non existing resourceDirectory /Users/bojanludajic/Downloads/BibliotekaWEB/src/test/resources
2024-11-10 16:08:24,547 [Worker-27: Building] INFO  o.a.m.s.f.DefaultMavenResourcesFiltering - Copying 0 resource from src/main/resources to target/classes
2024-11-10 16:08:24,547 [Worker-27: Building] INFO  o.a.m.s.f.DefaultMavenResourcesFiltering - Copying 0 resource from src/main/resources to target/classes
2024-11-10 16:08:24,548 [Worker-27: Building] INFO  o.a.m.s.f.DefaultMavenResourcesFiltering - skip non existing resourceDirectory /Users/bojanludajic/Downloads/BibliotekaWEB/src/test/resources
2024-11-10 16:08:40,264 [Worker-9: Building] INFO  o.a.m.s.f.DefaultMavenResourcesFiltering - Copying 1 resource from src/main/resources to target/classes
2024-11-10 16:08:40,266 [Worker-9: Building] INFO  o.a.m.s.f.DefaultMavenResourcesFiltering - Copying 0 resource from src/main/resources to target/classes
2024-11-10 16:08:40,267 [Worker-9: Building] INFO  o.a.m.s.f.DefaultMavenResourcesFiltering - skip non existing resourceDirectory /Users/bojanludajic/Downloads/BibliotekaWEB/src/test/resources
2024-11-10 16:08:42,939 [Worker-26: Building] INFO  o.a.m.s.f.DefaultMavenResourcesFiltering - Copying 1 resource from src/main/resources to target/classes
2024-11-10 16:08:42,941 [Worker-26: Building] INFO  o.a.m.s.f.DefaultMavenResourcesFiltering - Copying 0 resource from src/main/resources to target/classes
2024-11-10 16:08:42,943 [Worker-26: Building] INFO  o.a.m.s.f.DefaultMavenResourcesFiltering - skip non existing resourceDirectory /Users/bojanludajic/Downloads/BibliotekaWEB/src/test/resources
2024-11-10 16:09:09,910 [Worker-26: Building] INFO  o.a.m.s.f.DefaultMavenResourcesFiltering - Copying 1 resource from src/main/resources to target/classes
2024-11-10 16:09:09,911 [Worker-26: Building] INFO  o.a.m.s.f.DefaultMavenResourcesFiltering - Copying 0 resource from src/main/resources to target/classes
2024-11-10 16:09:09,912 [Worker-26: Building] INFO  o.a.m.s.f.DefaultMavenResourcesFiltering - skip non existing resourceDirectory /Users/bojanludajic/Downloads/BibliotekaWEB/src/test/resources
2024-11-10 16:09:33,675 [Worker-26: Building] INFO  o.a.m.s.f.DefaultMavenResourcesFiltering - Copying 1 resource from src/main/resources to target/classes
2024-11-10 16:09:33,676 [Worker-26: Building] INFO  o.a.m.s.f.DefaultMavenResourcesFiltering - Copying 0 resource from src/main/resources to target/classes
2024-11-10 16:09:33,676 [Worker-26: Building] INFO  o.a.m.s.f.DefaultMavenResourcesFiltering - skip non existing resourceDirectory /Users/bojanludajic/Downloads/BibliotekaWEB/src/test/resources
2024-11-10 16:09:41,209 [Worker-28: Building] INFO  o.a.m.s.f.DefaultMavenResourcesFiltering - Copying 1 resource from src/main/resources to target/classes
2024-11-10 16:09:41,210 [Worker-28: Building] INFO  o.a.m.s.f.DefaultMavenResourcesFiltering - Copying 0 resource from src/main/resources to target/classes
2024-11-10 16:09:41,211 [Worker-28: Building] INFO  o.a.m.s.f.DefaultMavenResourcesFiltering - skip non existing resourceDirectory /Users/bojanludajic/Downloads/BibliotekaWEB/src/test/resources
2024-11-10 16:09:58,637 [Worker-26: Building] INFO  o.a.m.s.f.DefaultMavenResourcesFiltering - Copying 1 resource from src/main/resources to target/classes
2024-11-10 16:09:58,642 [Worker-26: Building] INFO  o.a.m.s.f.DefaultMavenResourcesFiltering - Copying 0 resource from src/main/resources to target/classes
2024-11-10 16:09:58,645 [Worker-26: Building] INFO  o.a.m.s.f.DefaultMavenResourcesFiltering - skip non existing resourceDirectory /Users/bojanludajic/Downloads/BibliotekaWEB/src/test/resources
2024-11-10 16:10:22,445 [Worker-9: Building] INFO  o.a.m.s.f.DefaultMavenResourcesFiltering - Copying 1 resource from src/main/resources to target/classes
2024-11-10 16:10:22,446 [Worker-9: Building] INFO  o.a.m.s.f.DefaultMavenResourcesFiltering - Copying 0 resource from src/main/resources to target/classes
2024-11-10 16:10:22,447 [Worker-9: Building] INFO  o.a.m.s.f.DefaultMavenResourcesFiltering - skip non existing resourceDirectory /Users/bojanludajic/Downloads/BibliotekaWEB/src/test/resources
2024-11-10 16:10:34,899 [Worker-30: Building] INFO  o.a.m.s.f.DefaultMavenResourcesFiltering - Copying 1 resource from src/main/resources to target/classes
2024-11-10 16:10:34,900 [Worker-30: Building] INFO  o.a.m.s.f.DefaultMavenResourcesFiltering - Copying 0 resource from src/main/resources to target/classes
2024-11-10 16:10:34,901 [Worker-30: Building] INFO  o.a.m.s.f.DefaultMavenResourcesFiltering - skip non existing resourceDirectory /Users/bojanludajic/Downloads/BibliotekaWEB/src/test/resources
2024-11-10 16:11:12,687 [Worker-29: Building] INFO  o.a.m.s.f.DefaultMavenResourcesFiltering - Copying 0 resource from src/main/resources to target/classes
2024-11-10 16:11:12,687 [Worker-29: Building] INFO  o.a.m.s.f.DefaultMavenResourcesFiltering - Copying 0 resource from src/main/resources to target/classes
2024-11-10 16:11:12,688 [Worker-29: Building] INFO  o.a.m.s.f.DefaultMavenResourcesFiltering - skip non existing resourceDirectory /Users/bojanludajic/Downloads/BibliotekaWEB/src/test/resources
2024-11-10 16:11:56,529 [Worker-9: Building] INFO  o.a.m.s.f.DefaultMavenResourcesFiltering - Copying 0 resource from src/main/resources to target/classes
2024-11-10 16:11:56,529 [Worker-9: Building] INFO  o.a.m.s.f.DefaultMavenResourcesFiltering - Copying 0 resource from src/main/resources to target/classes
2024-11-10 16:11:56,530 [Worker-9: Building] INFO  o.a.m.s.f.DefaultMavenResourcesFiltering - skip non existing resourceDirectory /Users/bojanludajic/Downloads/BibliotekaWEB/src/test/resources
2024-11-10 16:18:48,901 [Worker-28: Building] INFO  o.a.m.s.f.DefaultMavenResourcesFiltering - Copying 0 resource from src/main/resources to target/classes
2024-11-10 16:18:48,902 [Worker-28: Building] INFO  o.a.m.s.f.DefaultMavenResourcesFiltering - Copying 0 resource from src/main/resources to target/classes
2024-11-10 16:18:48,904 [Worker-28: Building] INFO  o.a.m.s.f.DefaultMavenResourcesFiltering - skip non existing resourceDirectory /Users/bojanludajic/Downloads/BibliotekaWEB/src/test/resources
2024-11-10 16:20:38,894 [Worker-34: Building] INFO  o.a.m.s.f.DefaultMavenResourcesFiltering - Copying 0 resource from src/main/resources to target/classes
2024-11-10 16:20:38,895 [Worker-34: Building] INFO  o.a.m.s.f.DefaultMavenResourcesFiltering - Copying 0 resource from src/main/resources to target/classes
2024-11-10 16:20:38,896 [Worker-34: Building] INFO  o.a.m.s.f.DefaultMavenResourcesFiltering - skip non existing resourceDirectory /Users/bojanludajic/Downloads/BibliotekaWEB/src/test/resources
2024-11-10 16:20:42,155 [Worker-32: Building] INFO  o.a.m.s.f.DefaultMavenResourcesFiltering - Copying 0 resource from src/main/resources to target/classes
2024-11-10 16:20:42,156 [Worker-32: Building] INFO  o.a.m.s.f.DefaultMavenResourcesFiltering - Copying 0 resource from src/main/resources to target/classes
2024-11-10 16:20:42,159 [Worker-32: Building] INFO  o.a.m.s.f.DefaultMavenResourcesFiltering - skip non existing resourceDirectory /Users/bojanludajic/Downloads/BibliotekaWEB/src/test/resources
2024-11-10 16:20:44,821 [Worker-34: Building] INFO  o.a.m.s.f.DefaultMavenResourcesFiltering - Copying 0 resource from src/main/resources to target/classes
2024-11-10 16:20:44,821 [Worker-34: Building] INFO  o.a.m.s.f.DefaultMavenResourcesFiltering - Copying 0 resource from src/main/resources to target/classes
2024-11-10 16:20:44,822 [Worker-34: Building] INFO  o.a.m.s.f.DefaultMavenResourcesFiltering - skip non existing resourceDirectory /Users/bojanludajic/Downloads/BibliotekaWEB/src/test/resources
2024-11-10 16:20:48,946 [Worker-32: Building] INFO  o.a.m.s.f.DefaultMavenResourcesFiltering - Copying 0 resource from src/main/resources to target/classes
2024-11-10 16:20:48,946 [Worker-32: Building] INFO  o.a.m.s.f.DefaultMavenResourcesFiltering - Copying 0 resource from src/main/resources to target/classes
2024-11-10 16:20:48,948 [Worker-32: Building] INFO  o.a.m.s.f.DefaultMavenResourcesFiltering - skip non existing resourceDirectory /Users/bojanludajic/Downloads/BibliotekaWEB/src/test/resources
2024-11-10 16:20:53,290 [Worker-35: Building] INFO  o.a.m.s.f.DefaultMavenResourcesFiltering - Copying 0 resource from src/main/resources to target/classes
2024-11-10 16:20:53,290 [Worker-35: Building] INFO  o.a.m.s.f.DefaultMavenResourcesFiltering - Copying 0 resource from src/main/resources to target/classes
2024-11-10 16:20:53,291 [Worker-35: Building] INFO  o.a.m.s.f.DefaultMavenResourcesFiltering - skip non existing resourceDirectory /Users/bojanludajic/Downloads/BibliotekaWEB/src/test/resources
2024-11-10 16:21:43,610 [Worker-28: Building] INFO  o.a.m.s.f.DefaultMavenResourcesFiltering - Copying 1 resource from src/main/resources to target/classes
2024-11-10 16:21:43,611 [Worker-28: Building] INFO  o.a.m.s.f.DefaultMavenResourcesFiltering - Copying 0 resource from src/main/resources to target/classes
2024-11-10 16:21:43,612 [Worker-28: Building] INFO  o.a.m.s.f.DefaultMavenResourcesFiltering - skip non existing resourceDirectory /Users/bojanludajic/Downloads/BibliotekaWEB/src/test/resources
